<?xml version="1.0" encoding="UTF-8"?>
<testsuite xmlns:xsi="http://www.w3.org/2001/XMLSchema-instance" xsi:noNamespaceSchemaLocation="https://maven.apache.org/surefire/maven-surefire-plugin/xsd/surefire-test-report.xsd" version="3.0.2" name="com.licksvault.backend.service.LickServiceTest" time="0.159" tests="8" errors="0" skipped="0" failures="0">
  <properties>
[...]
</properties>
  <testcase name="updateLick_WhenFound_ShouldReturnUpdatedDto" classname="com.licksvault.backend.service.LickServiceTest" time="0.127"/>
  <testcase name="deleteLick_WhenNotFound_ShouldThrowException" classname="com.licksvault.backend.service.LickServiceTest" time="0.004"/>
  <testcase name="createLick_ShouldReturnSavedDto" classname="com.licksvault.backend.service.LickServiceTest" time="0.002"/>
  <testcase name="deleteLick_WhenFound_ShouldDelete" classname="com.licksvault.backend.service.LickServiceTest" time="0.002"/>
  <testcase name="getLickById_WhenNotFound_ShouldThrowException" classname="com.licksvault.backend.service.LickServiceTest" time="0.002"/>
  <testcase name="getAllLicks_ShouldReturnPageResponse" classname="com.licksvault.backend.service.LickServiceTest" time="0.01"/>
  <testcase name="getLickById_WhenFound_ShouldReturnDto" classname="com.licksvault.backend.service.LickServiceTest" time="0.003"/>
  <testcase name="uploadGpFile_WhenFound_ShouldReturnUpdatedDto" classname="com.licksvault.backend.service.LickServiceTest" time="0.004"/>
</testsuite>